ERROR:root:Failed to get location data: Message: no such element: Unable to locate element: {"method":"css selector","selector":".temperature-wrapper"}
  (Session info: chrome-headless-shell=120.0.6099.71); For documentation on this error, please visit: https://www.selenium.dev/documentation/webdriver/troubleshooting/errors#no-such-element-exception
Stacktrace:
	GetHandleVerifier [0x00FB6E73+174291]
	(No symbol) [0x00EE0AC1]
	(No symbol) [0x00BF6FF6]
	(No symbol) [0x00C29876]
	(No symbol) [0x00C29C2C]
	(No symbol) [0x00C5BD42]
	(No symbol) [0x00C47054]
	(No symbol) [0x00C5A104]
	(No symbol) [0x00C46DA6]
	(No symbol) [0x00C21034]
	(No symbol) [0x00C21F8D]
	GetHandleVerifier [0x010549CC+820268]
	sqlite3_dbdata_init [0x01114EBE+652494]
	sqlite3_dbdata_init [0x011148D9+650985]
	sqlite3_dbdata_init [0x0110962C+605244]
	sqlite3_dbdata_init [0x0111586B+654971]
	(No symbol) [0x00EEFEBC]
	(No symbol) [0x00EE8428]
	(No symbol) [0x00EE854D]
	(No symbol) [0x00ED5858]
	BaseThreadInitThunk [0x74E505B9+25]
	RtlGetAppContainerNamedObjectPath [0x776A77AD+237]
	RtlGetAppContainerNamedObjectPath [0x776A777D+189]

ERROR:root:Failed to get forecast data: Message: no such element: Unable to locate element: {"method":"css selector","selector":".today-forecast"}
  (Session info: chrome-headless-shell=120.0.6099.71); For documentation on this error, please visit: https://www.selenium.dev/documentation/webdriver/troubleshooting/errors#no-such-element-exception
Stacktrace:
	GetHandleVerifier [0x00FB6E73+174291]
	(No symbol) [0x00EE0AC1]
	(No symbol) [0x00BF6FF6]
	(No symbol) [0x00C29876]
	(No symbol) [0x00C29C2C]
	(No symbol) [0x00C5BD42]
	(No symbol) [0x00C47054]
	(No symbol) [0x00C5A104]
	(No symbol) [0x00C46DA6]
	(No symbol) [0x00C21034]
	(No symbol) [0x00C21F8D]
	GetHandleVerifier [0x010549CC+820268]
	sqlite3_dbdata_init [0x01114EBE+652494]
	sqlite3_dbdata_init [0x011148D9+650985]
	sqlite3_dbdata_init [0x0110962C+605244]
	sqlite3_dbdata_init [0x0111586B+654971]
	(No symbol) [0x00EEFEBC]
	(No symbol) [0x00EE8428]
	(No symbol) [0x00EE854D]
	(No symbol) [0x00ED5858]
	BaseThreadInitThunk [0x74E505B9+25]
	RtlGetAppContainerNamedObjectPath [0x776A77AD+237]
	RtlGetAppContainerNamedObjectPath [0x776A777D+189]

ERROR:root:Failed to compile table: name 'table' is not defined
